<?xml version="1.0" encoding="UTF-8"?>
<!-- Generated by org.testng.reporters.JUnitReportReporter -->
<testsuite hostname="Elisses-Laptop.local" failures="0" tests="1" name="CoreJava_ObjOrient_Principles.PS2" time="0.010" errors="0" timestamp="2025-05-13T18:36:26 PST" skipped="0">
  <testcase classname="CoreJava_ObjOrient_Principles.PS2" name="runTest" time="0.010"/>
</testsuite> <!-- CoreJava_ObjOrient_Principles.PS2 -->
